1586268621651	mozrunner::runner	INFO	Running command: "/usr/bin/firefox" "-marionette" "-foreground" "-no-remote" "-profile" "/tmp/rust_mozprofile.2eQQr9EciWHX"
1586268621901	addons.webextension.doh-rollout@mozilla.org	WARN	Loading extension 'doh-rollout@mozilla.org': Reading manifest: Invalid extension permission: networkStatus
1586268622156	addons.webextension.screenshots@mozilla.org	WARN	Loading extension 'screenshots@mozilla.org': Reading manifest: Invalid extension permission: mozillaAddons
1586268622156	addons.webextension.screenshots@mozilla.org	WARN	Loading extension 'screenshots@mozilla.org': Reading manifest: Invalid extension permission: telemetry
1586268622156	addons.webextension.screenshots@mozilla.org	WARN	Loading extension 'screenshots@mozilla.org': Reading manifest: Invalid extension permission: resource://pdf.js/
1586268622156	addons.webextension.screenshots@mozilla.org	WARN	Loading extension 'screenshots@mozilla.org': Reading manifest: Invalid extension permission: about:reader*
1586268623649	Marionette	INFO	Listening on port 33217
1586268623675	Marionette	WARN	TLS certificate errors will be ignored for this session
JavaScript warning: http://192.168.10.254/assets/js/jquery-1.11.1.min.js, line 384: unreachable code after return statement
1586268634356	Marionette	INFO	Stopped listening on port 33217
1586268700143	mozrunner::runner	INFO	Running command: "/usr/bin/firefox" "-marionette" "-foreground" "-no-remote" "-profile" "/tmp/rust_mozprofile.Epq9sU6kTwJr"
1586268700390	addons.webextension.doh-rollout@mozilla.org	WARN	Loading extension 'doh-rollout@mozilla.org': Reading manifest: Invalid extension permission: networkStatus
1586268700663	addons.webextension.screenshots@mozilla.org	WARN	Loading extension 'screenshots@mozilla.org': Reading manifest: Invalid extension permission: mozillaAddons
1586268700663	addons.webextension.screenshots@mozilla.org	WARN	Loading extension 'screenshots@mozilla.org': Reading manifest: Invalid extension permission: telemetry
1586268700663	addons.webextension.screenshots@mozilla.org	WARN	Loading extension 'screenshots@mozilla.org': Reading manifest: Invalid extension permission: resource://pdf.js/
1586268700663	addons.webextension.screenshots@mozilla.org	WARN	Loading extension 'screenshots@mozilla.org': Reading manifest: Invalid extension permission: about:reader*
1586268702055	Marionette	INFO	Listening on port 36161
1586268702151	Marionette	WARN	TLS certificate errors will be ignored for this session
JavaScript error: resource:///modules/FaviconLoader.jsm, line 572: InvalidStateError: An attempt was made to use an object that is not, or is no longer, usable
JavaScript warning: http://192.168.10.254/assets/js/jquery-1.11.1.min.js, line 384: unreachable code after return statement
1586268712842	Marionette	INFO	Stopped listening on port 36161
1586268769798	mozrunner::runner	INFO	Running command: "/usr/bin/firefox" "-marionette" "-foreground" "-no-remote" "-profile" "/tmp/rust_mozprofile.5G4L3ikySKjT"
1586268770065	addons.webextension.doh-rollout@mozilla.org	WARN	Loading extension 'doh-rollout@mozilla.org': Reading manifest: Invalid extension permission: networkStatus
1586268770302	addons.webextension.screenshots@mozilla.org	WARN	Loading extension 'screenshots@mozilla.org': Reading manifest: Invalid extension permission: mozillaAddons
1586268770303	addons.webextension.screenshots@mozilla.org	WARN	Loading extension 'screenshots@mozilla.org': Reading manifest: Invalid extension permission: telemetry
1586268770303	addons.webextension.screenshots@mozilla.org	WARN	Loading extension 'screenshots@mozilla.org': Reading manifest: Invalid extension permission: resource://pdf.js/
1586268770303	addons.webextension.screenshots@mozilla.org	WARN	Loading extension 'screenshots@mozilla.org': Reading manifest: Invalid extension permission: about:reader*
1586268771785	Marionette	INFO	Listening on port 41441
1586268771802	Marionette	WARN	TLS certificate errors will be ignored for this session
JavaScript warning: http://192.168.10.254/assets/js/jquery-1.11.1.min.js, line 384: unreachable code after return statement
1586268782573	Marionette	INFO	Stopped listening on port 41441
1586269230606	mozrunner::runner	INFO	Running command: "/usr/bin/firefox" "-marionette" "-foreground" "-no-remote" "-profile" "/tmp/rust_mozprofile.Wn7zzmrEfatH"
1586269230887	addons.webextension.doh-rollout@mozilla.org	WARN	Loading extension 'doh-rollout@mozilla.org': Reading manifest: Invalid extension permission: networkStatus
1586269231141	addons.webextension.screenshots@mozilla.org	WARN	Loading extension 'screenshots@mozilla.org': Reading manifest: Invalid extension permission: mozillaAddons
1586269231141	addons.webextension.screenshots@mozilla.org	WARN	Loading extension 'screenshots@mozilla.org': Reading manifest: Invalid extension permission: telemetry
1586269231141	addons.webextension.screenshots@mozilla.org	WARN	Loading extension 'screenshots@mozilla.org': Reading manifest: Invalid extension permission: resource://pdf.js/
1586269231142	addons.webextension.screenshots@mozilla.org	WARN	Loading extension 'screenshots@mozilla.org': Reading manifest: Invalid extension permission: about:reader*
1586269232436	Marionette	INFO	Listening on port 44019
1586269232516	Marionette	WARN	TLS certificate errors will be ignored for this session
JavaScript warning: http://192.168.10.254/assets/js/jquery-1.11.1.min.js, line 384: unreachable code after return statement
1586269243300	Marionette	INFO	Stopped listening on port 44019
1586269272785	mozrunner::runner	INFO	Running command: "/usr/bin/firefox" "-marionette" "-foreground" "-no-remote" "-profile" "/tmp/rust_mozprofile.uv3ABmhPdLcn"
1586269273034	addons.webextension.doh-rollout@mozilla.org	WARN	Loading extension 'doh-rollout@mozilla.org': Reading manifest: Invalid extension permission: networkStatus
1586269273314	addons.webextension.screenshots@mozilla.org	WARN	Loading extension 'screenshots@mozilla.org': Reading manifest: Invalid extension permission: mozillaAddons
1586269273314	addons.webextension.screenshots@mozilla.org	WARN	Loading extension 'screenshots@mozilla.org': Reading manifest: Invalid extension permission: telemetry
1586269273315	addons.webextension.screenshots@mozilla.org	WARN	Loading extension 'screenshots@mozilla.org': Reading manifest: Invalid extension permission: resource://pdf.js/
1586269273315	addons.webextension.screenshots@mozilla.org	WARN	Loading extension 'screenshots@mozilla.org': Reading manifest: Invalid extension permission: about:reader*
1586269274617	Marionette	INFO	Listening on port 35701
1586269274694	Marionette	WARN	TLS certificate errors will be ignored for this session
JavaScript warning: http://192.168.10.254/assets/js/jquery-1.11.1.min.js, line 384: unreachable code after return statement
1586269285551	Marionette	INFO	Stopped listening on port 35701
1586269306001	mozrunner::runner	INFO	Running command: "/usr/bin/firefox" "-marionette" "-foreground" "-no-remote" "-profile" "/tmp/rust_mozprofile.w6xNLM4Nz5vy"
1586269306261	addons.webextension.doh-rollout@mozilla.org	WARN	Loading extension 'doh-rollout@mozilla.org': Reading manifest: Invalid extension permission: networkStatus
1586269306499	addons.webextension.screenshots@mozilla.org	WARN	Loading extension 'screenshots@mozilla.org': Reading manifest: Invalid extension permission: mozillaAddons
1586269306499	addons.webextension.screenshots@mozilla.org	WARN	Loading extension 'screenshots@mozilla.org': Reading manifest: Invalid extension permission: telemetry
1586269306499	addons.webextension.screenshots@mozilla.org	WARN	Loading extension 'screenshots@mozilla.org': Reading manifest: Invalid extension permission: resource://pdf.js/
1586269306499	addons.webextension.screenshots@mozilla.org	WARN	Loading extension 'screenshots@mozilla.org': Reading manifest: Invalid extension permission: about:reader*
1586269307881	Marionette	INFO	Listening on port 42863
1586269307907	Marionette	WARN	TLS certificate errors will be ignored for this session
JavaScript warning: http://192.168.10.254/assets/js/jquery-1.11.1.min.js, line 384: unreachable code after return statement
1586269318706	Marionette	INFO	Stopped listening on port 42863
1586269392757	mozrunner::runner	INFO	Running command: "/usr/bin/firefox" "-marionette" "-foreground" "-no-remote" "-profile" "/tmp/rust_mozprofile.o0hrlOsgtYxw"
1586269393022	addons.webextension.doh-rollout@mozilla.org	WARN	Loading extension 'doh-rollout@mozilla.org': Reading manifest: Invalid extension permission: networkStatus
1586269393272	addons.webextension.screenshots@mozilla.org	WARN	Loading extension 'screenshots@mozilla.org': Reading manifest: Invalid extension permission: mozillaAddons
1586269393272	addons.webextension.screenshots@mozilla.org	WARN	Loading extension 'screenshots@mozilla.org': Reading manifest: Invalid extension permission: telemetry
1586269393272	addons.webextension.screenshots@mozilla.org	WARN	Loading extension 'screenshots@mozilla.org': Reading manifest: Invalid extension permission: resource://pdf.js/
1586269393272	addons.webextension.screenshots@mozilla.org	WARN	Loading extension 'screenshots@mozilla.org': Reading manifest: Invalid extension permission: about:reader*
1586269394817	Marionette	INFO	Listening on port 32943
1586269394862	Marionette	WARN	TLS certificate errors will be ignored for this session
JavaScript warning: http://192.168.10.254/assets/js/jquery-1.11.1.min.js, line 384: unreachable code after return statement
1586269405637	Marionette	INFO	Stopped listening on port 32943
1586269425548	mozrunner::runner	INFO	Running command: "/usr/bin/firefox" "-marionette" "-foreground" "-no-remote" "-profile" "/tmp/rust_mozprofile.dhENYqIjq4T8"
1586269425798	addons.webextension.doh-rollout@mozilla.org	WARN	Loading extension 'doh-rollout@mozilla.org': Reading manifest: Invalid extension permission: networkStatus
1586269426039	addons.webextension.screenshots@mozilla.org	WARN	Loading extension 'screenshots@mozilla.org': Reading manifest: Invalid extension permission: mozillaAddons
1586269426039	addons.webextension.screenshots@mozilla.org	WARN	Loading extension 'screenshots@mozilla.org': Reading manifest: Invalid extension permission: telemetry
1586269426039	addons.webextension.screenshots@mozilla.org	WARN	Loading extension 'screenshots@mozilla.org': Reading manifest: Invalid extension permission: resource://pdf.js/
1586269426039	addons.webextension.screenshots@mozilla.org	WARN	Loading extension 'screenshots@mozilla.org': Reading manifest: Invalid extension permission: about:reader*
1586269427351	Marionette	INFO	Listening on port 40433
1586269427465	Marionette	WARN	TLS certificate errors will be ignored for this session
JavaScript warning: http://192.168.10.254/assets/js/jquery-1.11.1.min.js, line 384: unreachable code after return statement
1586269438239	Marionette	INFO	Stopped listening on port 40433
1586269465145	mozrunner::runner	INFO	Running command: "/usr/bin/firefox" "-marionette" "-foreground" "-no-remote" "-profile" "/tmp/rust_mozprofile.6ExaXtsRWr27"
1586269465394	addons.webextension.doh-rollout@mozilla.org	WARN	Loading extension 'doh-rollout@mozilla.org': Reading manifest: Invalid extension permission: networkStatus
1586269465650	addons.webextension.screenshots@mozilla.org	WARN	Loading extension 'screenshots@mozilla.org': Reading manifest: Invalid extension permission: mozillaAddons
1586269465650	addons.webextension.screenshots@mozilla.org	WARN	Loading extension 'screenshots@mozilla.org': Reading manifest: Invalid extension permission: telemetry
1586269465650	addons.webextension.screenshots@mozilla.org	WARN	Loading extension 'screenshots@mozilla.org': Reading manifest: Invalid extension permission: resource://pdf.js/
1586269465650	addons.webextension.screenshots@mozilla.org	WARN	Loading extension 'screenshots@mozilla.org': Reading manifest: Invalid extension permission: about:reader*
1586269467042	Marionette	INFO	Listening on port 38301
1586269467056	Marionette	WARN	TLS certificate errors will be ignored for this session
JavaScript warning: http://192.168.10.254/assets/js/jquery-1.11.1.min.js, line 384: unreachable code after return statement
1586269477825	Marionette	INFO	Stopped listening on port 38301
1586269487332	mozrunner::runner	INFO	Running command: "/usr/bin/firefox" "-marionette" "-foreground" "-no-remote" "-profile" "/tmp/rust_mozprofile.GCj3sRfARuQj"
1586269487577	addons.webextension.doh-rollout@mozilla.org	WARN	Loading extension 'doh-rollout@mozilla.org': Reading manifest: Invalid extension permission: networkStatus
1586269487865	addons.webextension.screenshots@mozilla.org	WARN	Loading extension 'screenshots@mozilla.org': Reading manifest: Invalid extension permission: mozillaAddons
1586269487865	addons.webextension.screenshots@mozilla.org	WARN	Loading extension 'screenshots@mozilla.org': Reading manifest: Invalid extension permission: telemetry
1586269487865	addons.webextension.screenshots@mozilla.org	WARN	Loading extension 'screenshots@mozilla.org': Reading manifest: Invalid extension permission: resource://pdf.js/
1586269487865	addons.webextension.screenshots@mozilla.org	WARN	Loading extension 'screenshots@mozilla.org': Reading manifest: Invalid extension permission: about:reader*
1586269489142	Marionette	INFO	Listening on port 39695
1586269489238	Marionette	WARN	TLS certificate errors will be ignored for this session
JavaScript warning: http://192.168.10.254/assets/js/jquery-1.11.1.min.js, line 384: unreachable code after return statement
1586269500015	Marionette	INFO	Stopped listening on port 39695
1586269542825	mozrunner::runner	INFO	Running command: "/usr/bin/firefox" "-marionette" "-foreground" "-no-remote" "-profile" "/tmp/rust_mozprofile.wNVQ9HqOnYLN"
1586269543072	addons.webextension.doh-rollout@mozilla.org	WARN	Loading extension 'doh-rollout@mozilla.org': Reading manifest: Invalid extension permission: networkStatus
1586269543329	addons.webextension.screenshots@mozilla.org	WARN	Loading extension 'screenshots@mozilla.org': Reading manifest: Invalid extension permission: mozillaAddons
1586269543329	addons.webextension.screenshots@mozilla.org	WARN	Loading extension 'screenshots@mozilla.org': Reading manifest: Invalid extension permission: telemetry
1586269543329	addons.webextension.screenshots@mozilla.org	WARN	Loading extension 'screenshots@mozilla.org': Reading manifest: Invalid extension permission: resource://pdf.js/
1586269543329	addons.webextension.screenshots@mozilla.org	WARN	Loading extension 'screenshots@mozilla.org': Reading manifest: Invalid extension permission: about:reader*
1586269544767	Marionette	INFO	Listening on port 43119
1586269544831	Marionette	WARN	TLS certificate errors will be ignored for this session
JavaScript error: resource:///modules/FaviconLoader.jsm, line 572: InvalidStateError: An attempt was made to use an object that is not, or is no longer, usable
JavaScript warning: http://192.168.10.254/assets/js/jquery-1.11.1.min.js, line 384: unreachable code after return statement
1586269555582	Marionette	INFO	Stopped listening on port 43119
1586269631687	mozrunner::runner	INFO	Running command: "/usr/bin/firefox" "-marionette" "-foreground" "-no-remote" "-profile" "/tmp/rust_mozprofile.xO39exeigxEx"
1586269631935	addons.webextension.doh-rollout@mozilla.org	WARN	Loading extension 'doh-rollout@mozilla.org': Reading manifest: Invalid extension permission: networkStatus
1586269632178	addons.webextension.screenshots@mozilla.org	WARN	Loading extension 'screenshots@mozilla.org': Reading manifest: Invalid extension permission: mozillaAddons
1586269632178	addons.webextension.screenshots@mozilla.org	WARN	Loading extension 'screenshots@mozilla.org': Reading manifest: Invalid extension permission: telemetry
1586269632178	addons.webextension.screenshots@mozilla.org	WARN	Loading extension 'screenshots@mozilla.org': Reading manifest: Invalid extension permission: resource://pdf.js/
1586269632178	addons.webextension.screenshots@mozilla.org	WARN	Loading extension 'screenshots@mozilla.org': Reading manifest: Invalid extension permission: about:reader*
1586269633504	Marionette	INFO	Listening on port 43037
1586269633592	Marionette	WARN	TLS certificate errors will be ignored for this session
JavaScript error: resource:///modules/FaviconLoader.jsm, line 572: InvalidStateError: An attempt was made to use an object that is not, or is no longer, usable
JavaScript warning: http://192.168.10.254/assets/js/jquery-1.11.1.min.js, line 384: unreachable code after return statement
1586269644449	Marionette	INFO	Stopped listening on port 43037
1586269651710	mozrunner::runner	INFO	Running command: "/usr/bin/firefox" "-marionette" "-foreground" "-no-remote" "-profile" "/tmp/rust_mozprofile.vV5Mj7eeCO7m"
1586269651967	addons.webextension.doh-rollout@mozilla.org	WARN	Loading extension 'doh-rollout@mozilla.org': Reading manifest: Invalid extension permission: networkStatus
1586269652206	addons.webextension.screenshots@mozilla.org	WARN	Loading extension 'screenshots@mozilla.org': Reading manifest: Invalid extension permission: mozillaAddons
1586269652206	addons.webextension.screenshots@mozilla.org	WARN	Loading extension 'screenshots@mozilla.org': Reading manifest: Invalid extension permission: telemetry
1586269652206	addons.webextension.screenshots@mozilla.org	WARN	Loading extension 'screenshots@mozilla.org': Reading manifest: Invalid extension permission: resource://pdf.js/
1586269652206	addons.webextension.screenshots@mozilla.org	WARN	Loading extension 'screenshots@mozilla.org': Reading manifest: Invalid extension permission: about:reader*
1586269653534	Marionette	INFO	Listening on port 42541
1586269653615	Marionette	WARN	TLS certificate errors will be ignored for this session
JavaScript warning: http://192.168.10.254/assets/js/jquery-1.11.1.min.js, line 384: unreachable code after return statement
1586269664396	Marionette	INFO	Stopped listening on port 42541
1586269724937	mozrunner::runner	INFO	Running command: "/usr/bin/firefox" "-marionette" "-foreground" "-no-remote" "-profile" "/tmp/rust_mozprofile.pwzlrI4G7TeF"
1586269725183	addons.webextension.doh-rollout@mozilla.org	WARN	Loading extension 'doh-rollout@mozilla.org': Reading manifest: Invalid extension permission: networkStatus
1586269725500	addons.webextension.screenshots@mozilla.org	WARN	Loading extension 'screenshots@mozilla.org': Reading manifest: Invalid extension permission: mozillaAddons
1586269725500	addons.webextension.screenshots@mozilla.org	WARN	Loading extension 'screenshots@mozilla.org': Reading manifest: Invalid extension permission: telemetry
1586269725501	addons.webextension.screenshots@mozilla.org	WARN	Loading extension 'screenshots@mozilla.org': Reading manifest: Invalid extension permission: resource://pdf.js/
1586269725501	addons.webextension.screenshots@mozilla.org	WARN	Loading extension 'screenshots@mozilla.org': Reading manifest: Invalid extension permission: about:reader*
1586269726785	Marionette	INFO	Listening on port 40607
1586269726845	Marionette	WARN	TLS certificate errors will be ignored for this session
JavaScript warning: http://192.168.10.254/assets/js/jquery-1.11.1.min.js, line 384: unreachable code after return statement
1586269737634	Marionette	INFO	Stopped listening on port 40607
1586269814221	mozrunner::runner	INFO	Running command: "/usr/bin/firefox" "-marionette" "-foreground" "-no-remote" "-profile" "/tmp/rust_mozprofile.7jp2Bn07c1cs"
1586269814478	addons.webextension.doh-rollout@mozilla.org	WARN	Loading extension 'doh-rollout@mozilla.org': Reading manifest: Invalid extension permission: networkStatus
1586269814737	addons.webextension.screenshots@mozilla.org	WARN	Loading extension 'screenshots@mozilla.org': Reading manifest: Invalid extension permission: mozillaAddons
1586269814737	addons.webextension.screenshots@mozilla.org	WARN	Loading extension 'screenshots@mozilla.org': Reading manifest: Invalid extension permission: telemetry
1586269814737	addons.webextension.screenshots@mozilla.org	WARN	Loading extension 'screenshots@mozilla.org': Reading manifest: Invalid extension permission: resource://pdf.js/
1586269814737	addons.webextension.screenshots@mozilla.org	WARN	Loading extension 'screenshots@mozilla.org': Reading manifest: Invalid extension permission: about:reader*
1586269816049	Marionette	INFO	Listening on port 45753
1586269816126	Marionette	WARN	TLS certificate errors will be ignored for this session
JavaScript warning: http://192.168.10.254/assets/js/jquery-1.11.1.min.js, line 384: unreachable code after return statement
1586269826973	Marionette	INFO	Stopped listening on port 45753
1586269896357	mozrunner::runner	INFO	Running command: "/usr/bin/firefox" "-marionette" "-foreground" "-no-remote" "-profile" "/tmp/rust_mozprofile.3rYV3FyUm56v"
1586269896608	addons.webextension.doh-rollout@mozilla.org	WARN	Loading extension 'doh-rollout@mozilla.org': Reading manifest: Invalid extension permission: networkStatus
1586269896901	addons.webextension.screenshots@mozilla.org	WARN	Loading extension 'screenshots@mozilla.org': Reading manifest: Invalid extension permission: mozillaAddons
1586269896901	addons.webextension.screenshots@mozilla.org	WARN	Loading extension 'screenshots@mozilla.org': Reading manifest: Invalid extension permission: telemetry
1586269896901	addons.webextension.screenshots@mozilla.org	WARN	Loading extension 'screenshots@mozilla.org': Reading manifest: Invalid extension permission: resource://pdf.js/
1586269896901	addons.webextension.screenshots@mozilla.org	WARN	Loading extension 'screenshots@mozilla.org': Reading manifest: Invalid extension permission: about:reader*
1586269898327	Marionette	INFO	Listening on port 42305
1586269898372	Marionette	WARN	TLS certificate errors will be ignored for this session
JavaScript warning: http://192.168.10.254/assets/js/jquery-1.11.1.min.js, line 384: unreachable code after return statement
1586269909216	Marionette	INFO	Stopped listening on port 42305
1586269954559	mozrunner::runner	INFO	Running command: "/usr/bin/firefox" "-marionette" "-foreground" "-no-remote" "-profile" "/tmp/rust_mozprofile.bNCjQkFWX6W2"
1586269954813	addons.webextension.doh-rollout@mozilla.org	WARN	Loading extension 'doh-rollout@mozilla.org': Reading manifest: Invalid extension permission: networkStatus
1586269955063	addons.webextension.screenshots@mozilla.org	WARN	Loading extension 'screenshots@mozilla.org': Reading manifest: Invalid extension permission: mozillaAddons
1586269955063	addons.webextension.screenshots@mozilla.org	WARN	Loading extension 'screenshots@mozilla.org': Reading manifest: Invalid extension permission: telemetry
1586269955063	addons.webextension.screenshots@mozilla.org	WARN	Loading extension 'screenshots@mozilla.org': Reading manifest: Invalid extension permission: resource://pdf.js/
1586269955063	addons.webextension.screenshots@mozilla.org	WARN	Loading extension 'screenshots@mozilla.org': Reading manifest: Invalid extension permission: about:reader*
1586269956464	Marionette	INFO	Listening on port 39943
1586269956567	Marionette	WARN	TLS certificate errors will be ignored for this session
JavaScript warning: http://192.168.10.254/assets/js/jquery-1.11.1.min.js, line 384: unreachable code after return statement
1586269967353	Marionette	INFO	Stopped listening on port 39943
1586270167508	mozrunner::runner	INFO	Running command: "/usr/bin/firefox" "-marionette" "-foreground" "-no-remote" "-profile" "/tmp/rust_mozprofile.COzj7HtBXOkq"
1586270167758	addons.webextension.doh-rollout@mozilla.org	WARN	Loading extension 'doh-rollout@mozilla.org': Reading manifest: Invalid extension permission: networkStatus
1586270168043	addons.webextension.screenshots@mozilla.org	WARN	Loading extension 'screenshots@mozilla.org': Reading manifest: Invalid extension permission: mozillaAddons
1586270168043	addons.webextension.screenshots@mozilla.org	WARN	Loading extension 'screenshots@mozilla.org': Reading manifest: Invalid extension permission: telemetry
1586270168043	addons.webextension.screenshots@mozilla.org	WARN	Loading extension 'screenshots@mozilla.org': Reading manifest: Invalid extension permission: resource://pdf.js/
1586270168043	addons.webextension.screenshots@mozilla.org	WARN	Loading extension 'screenshots@mozilla.org': Reading manifest: Invalid extension permission: about:reader*
1586270169406	Marionette	INFO	Listening on port 34963
1586270169420	Marionette	WARN	TLS certificate errors will be ignored for this session
JavaScript error: resource:///modules/FaviconLoader.jsm, line 572: InvalidStateError: An attempt was made to use an object that is not, or is no longer, usable
JavaScript warning: http://192.168.10.254/assets/js/jquery-1.11.1.min.js, line 384: unreachable code after return statement
1586270180261	Marionette	INFO	Stopped listening on port 34963
1586270192186	mozrunner::runner	INFO	Running command: "/usr/bin/firefox" "-marionette" "-foreground" "-no-remote" "-profile" "/tmp/rust_mozprofile.XmPmB1MbNlEK"
1586270192468	addons.webextension.doh-rollout@mozilla.org	WARN	Loading extension 'doh-rollout@mozilla.org': Reading manifest: Invalid extension permission: networkStatus
1586270192711	addons.webextension.screenshots@mozilla.org	WARN	Loading extension 'screenshots@mozilla.org': Reading manifest: Invalid extension permission: mozillaAddons
1586270192711	addons.webextension.screenshots@mozilla.org	WARN	Loading extension 'screenshots@mozilla.org': Reading manifest: Invalid extension permission: telemetry
1586270192711	addons.webextension.screenshots@mozilla.org	WARN	Loading extension 'screenshots@mozilla.org': Reading manifest: Invalid extension permission: resource://pdf.js/
1586270192711	addons.webextension.screenshots@mozilla.org	WARN	Loading extension 'screenshots@mozilla.org': Reading manifest: Invalid extension permission: about:reader*
1586270194043	Marionette	INFO	Listening on port 35557
1586270194091	Marionette	WARN	TLS certificate errors will be ignored for this session
JavaScript warning: http://192.168.10.254/assets/js/jquery-1.11.1.min.js, line 384: unreachable code after return statement
1586270204907	Marionette	INFO	Stopped listening on port 35557
1586270219403	mozrunner::runner	INFO	Running command: "/usr/bin/firefox" "-marionette" "-foreground" "-no-remote" "-profile" "/tmp/rust_mozprofile.F6hxImW52Dbw"
1586270219678	addons.webextension.doh-rollout@mozilla.org	WARN	Loading extension 'doh-rollout@mozilla.org': Reading manifest: Invalid extension permission: networkStatus
1586270219941	addons.webextension.screenshots@mozilla.org	WARN	Loading extension 'screenshots@mozilla.org': Reading manifest: Invalid extension permission: mozillaAddons
1586270219941	addons.webextension.screenshots@mozilla.org	WARN	Loading extension 'screenshots@mozilla.org': Reading manifest: Invalid extension permission: telemetry
1586270219941	addons.webextension.screenshots@mozilla.org	WARN	Loading extension 'screenshots@mozilla.org': Reading manifest: Invalid extension permission: resource://pdf.js/
1586270219941	addons.webextension.screenshots@mozilla.org	WARN	Loading extension 'screenshots@mozilla.org': Reading manifest: Invalid extension permission: about:reader*
1586270221438	Marionette	INFO	Listening on port 40117
1586270221509	Marionette	WARN	TLS certificate errors will be ignored for this session
JavaScript warning: http://192.168.10.254/assets/js/jquery-1.11.1.min.js, line 384: unreachable code after return statement
1586270232275	Marionette	INFO	Stopped listening on port 40117
1586270243012	mozrunner::runner	INFO	Running command: "/usr/bin/firefox" "-marionette" "-foreground" "-no-remote" "-profile" "/tmp/rust_mozprofile.WCOdXsscH9qd"
1586270243272	addons.webextension.doh-rollout@mozilla.org	WARN	Loading extension 'doh-rollout@mozilla.org': Reading manifest: Invalid extension permission: networkStatus
1586270243513	addons.webextension.screenshots@mozilla.org	WARN	Loading extension 'screenshots@mozilla.org': Reading manifest: Invalid extension permission: mozillaAddons
1586270243513	addons.webextension.screenshots@mozilla.org	WARN	Loading extension 'screenshots@mozilla.org': Reading manifest: Invalid extension permission: telemetry
1586270243513	addons.webextension.screenshots@mozilla.org	WARN	Loading extension 'screenshots@mozilla.org': Reading manifest: Invalid extension permission: resource://pdf.js/
1586270243513	addons.webextension.screenshots@mozilla.org	WARN	Loading extension 'screenshots@mozilla.org': Reading manifest: Invalid extension permission: about:reader*
1586270244825	Marionette	INFO	Listening on port 38385
1586270244938	Marionette	WARN	TLS certificate errors will be ignored for this session
JavaScript warning: http://192.168.10.254/assets/js/jquery-1.11.1.min.js, line 384: unreachable code after return statement
1586270255960	Marionette	INFO	Stopped listening on port 38385
1586270273198	mozrunner::runner	INFO	Running command: "/usr/bin/firefox" "-marionette" "-foreground" "-no-remote" "-profile" "/tmp/rust_mozprofile.BSWM9Y1BJQVZ"
1586270273446	addons.webextension.doh-rollout@mozilla.org	WARN	Loading extension 'doh-rollout@mozilla.org': Reading manifest: Invalid extension permission: networkStatus
1586270273737	addons.webextension.screenshots@mozilla.org	WARN	Loading extension 'screenshots@mozilla.org': Reading manifest: Invalid extension permission: mozillaAddons
1586270273738	addons.webextension.screenshots@mozilla.org	WARN	Loading extension 'screenshots@mozilla.org': Reading manifest: Invalid extension permission: telemetry
1586270273738	addons.webextension.screenshots@mozilla.org	WARN	Loading extension 'screenshots@mozilla.org': Reading manifest: Invalid extension permission: resource://pdf.js/
1586270273738	addons.webextension.screenshots@mozilla.org	WARN	Loading extension 'screenshots@mozilla.org': Reading manifest: Invalid extension permission: about:reader*
1586270275034	Marionette	INFO	Listening on port 34575
1586270275103	Marionette	WARN	TLS certificate errors will be ignored for this session
JavaScript warning: http://192.168.10.254/assets/js/jquery-1.11.1.min.js, line 384: unreachable code after return statement
1586270285883	Marionette	INFO	Stopped listening on port 34575
